23-01-2019 15:20:17 |GANAPATHY-PC|0|Information| ASP.global_asax : Global.asax :  : 23-01-2019 20:50:17 : Loaded Global Cache...| $
23-01-2019 15:46:52 |GANAPATHY-PC|0|Information| ASP.global_asax : Global.asax :  : 23-01-2019 21:16:52 : Loaded Global Cache...| $
23-01-2019 15:50:36 |GANAPATHY-PC|4|Information| VV.DBUtil : UpdateMISUtilityQuality() :  : 23-01-2019 21:20:36 : The conversion of a varchar data type to a smalldatetime data type resulted in an out-of-range value.
The statement has been terminated.| $
23-01-2019 15:51:23 |GANAPATHY-PC|4|Information| VV.DBUtil : UpdateMISUtilityQuality() :  : 23-01-2019 21:21:23 : The conversion of a varchar data type to a smalldatetime data type resulted in an out-of-range value.
The statement has been terminated.| $
23-01-2019 15:52:06 |GANAPATHY-PC|4|Information| VV.DBUtil : UpdateMISUtilityQuality() :  : 23-01-2019 21:22:06 : The conversion of a varchar data type to a smalldatetime data type resulted in an out-of-range value.
The statement has been terminated.| $
23-01-2019 16:05:43 |GANAPATHY-PC|0|Information| ASP.global_asax : Global.asax :  : 23-01-2019 21:35:43 : Loaded Global Cache...| $
23-01-2019 16:08:00 |GANAPATHY-PC|4|Information| VV.DBUtil : UpdateMISUtilityQuality() :  : 23-01-2019 21:38:00 : The conversion of a varchar data type to a smalldatetime data type resulted in an out-of-range value.
The statement has been terminated.| $
23-01-2019 16:14:17 |GANAPATHY-PC|0|Information| ASP.global_asax : Global.asax :  : 23-01-2019 21:44:17 : Loaded Global Cache...| $
23-01-2019 16:15:27 |GANAPATHY-PC|4|Information| VV.DBUtil : UpdateMISUtilityQuality() :  : 23-01-2019 21:45:27 : The conversion of a varchar data type to a smalldatetime data type resulted in an out-of-range value.
The statement has been terminated.| $
23-01-2019 16:24:24 |GANAPATHY-PC|0|Information| ASP.global_asax : Global.asax :  : 23-01-2019 21:54:24 : Loaded Global Cache...| $
23-01-2019 16:25:37 |GANAPATHY-PC|4|Information| VV.DBUtil : UpdateMISUtilityQuality() :  : 23-01-2019 21:55:37 : The conversion of a varchar data type to a datetime data type resulted in an out-of-range value.
The statement has been terminated.| $
23-01-2019 16:28:35 |GANAPATHY-PC|4|Information| VV.DBUtil : UpdateMISUtilityQuality() :  : 23-01-2019 21:58:35 : The conversion of a varchar data type to a datetime data type resulted in an out-of-range value.
The statement has been terminated.| $
23-01-2019 16:30:13 |GANAPATHY-PC|0|Information| ASP.global_asax : Global.asax :  : 23-01-2019 22:00:13 : Loaded Global Cache...| $
23-01-2019 16:38:14 |GANAPATHY-PC|0|Information| ASP.global_asax : Global.asax :  : 23-01-2019 22:08:13 : Loaded Global Cache...| $
23-01-2019 16:43:19 |GANAPATHY-PC|0|Information| ASP.global_asax : Global.asax :  : 23-01-2019 22:13:19 : Loaded Global Cache...| $
23-01-2019 16:44:34 |GANAPATHY-PC|4|Information| VV.DBUtil : UpdateMISUtilityQuality() :  : 23-01-2019 22:14:34 : The conversion of a varchar data type to a datetime data type resulted in an out-of-range value.
The statement has been terminated.| $
23-01-2019 16:45:24 |GANAPATHY-PC|0|Information| ASP.global_asax : Global.asax :  : 23-01-2019 22:15:23 : Loaded Global Cache...| $
23-01-2019 16:49:52 |GANAPATHY-PC|4|Information| VV.DBUtil : UpdateMISUtilityQuality() :  : 23-01-2019 22:19:52 : The conversion of a varchar data type to a datetime data type resulted in an out-of-range value.
The statement has been terminated.| $
23-01-2019 16:54:18 |GANAPATHY-PC|0|Information| ASP.global_asax : Global.asax :  : 23-01-2019 22:24:18 : Loaded Global Cache...| $
23-01-2019 17:02:34 |GANAPATHY-PC|0|Information| ASP.global_asax : Global.asax :  : 23-01-2019 22:32:34 : Loaded Global Cache...| $
23-01-2019 17:03:45 |GANAPATHY-PC|4|Information| VV.DBUtil : UpdateMISUtilityQuality() :  : 23-01-2019 22:33:45 : The conversion of a varchar data type to a datetime data type resulted in an out-of-range value.
The statement has been terminated.| $
23-01-2019 17:06:16 |GANAPATHY-PC|4|Information| VV.DBUtil : UpdateMISUtilityQuality() :  : 23-01-2019 22:36:16 : The conversion of a varchar data type to a datetime data type resulted in an out-of-range value.
The statement has been terminated.| $
23-01-2019 17:21:35 |GANAPATHY-PC|0|Information| ASP.global_asax : Global.asax :  : 23-01-2019 22:51:35 : Loaded Global Cache...| $
23-01-2019 17:54:15 |GANAPATHY-PC|0|Information| ASP.global_asax : Global.asax :  : 23-01-2019 23:24:15 : Loaded Global Cache...| $
23-01-2019 17:56:58 |GANAPATHY-PC|4|Information| VV.DBUtil : UpdateMISUtilityStores() :  : 23-01-2019 23:26:58 : The conversion of a varchar data type to a smalldatetime data type resulted in an out-of-range value.
The statement has been terminated.| $
23-01-2019 17:57:04 |GANAPATHY-PC|4|Information| VV.DBUtil : UpdateMISUtilityStores() :  : 23-01-2019 23:27:04 : The conversion of a varchar data type to a smalldatetime data type resulted in an out-of-range value.
The statement has been terminated.| $
23-01-2019 17:57:04 |GANAPATHY-PC|4|Information| VV.DBUtil : UpdateMISUtilityStores() :  : 23-01-2019 23:27:04 : The conversion of a varchar data type to a smalldatetime data type resulted in an out-of-range value.
The statement has been terminated.| $
23-01-2019 17:58:40 |GANAPATHY-PC|4|Information| VV.DBUtil : UpdateMISUtilityStores() :  : 23-01-2019 23:28:40 : The conversion of a varchar data type to a smalldatetime data type resulted in an out-of-range value.
The statement has been terminated.| $
23-01-2019 18:02:30 |GANAPATHY-PC|0|Information| ASP.global_asax : Global.asax :  : 23-01-2019 23:32:30 : Loaded Global Cache...| $
23-01-2019 18:12:07 |GANAPATHY-PC|0|Information| ASP.global_asax : Global.asax :  : 23-01-2019 23:42:07 : Loaded Global Cache...| $
23-01-2019 19:15:03 |GANAPATHY-PC|0|Information| ASP.global_asax : Global.asax :  : 24-01-2019 00:45:03 : Loaded Global Cache...| $
