09-01-2019 06:05:36 |GANAPATHY-PC|0|Information| ASP.global_asax : Global.asax :  : 09-01-2019 11:35:35 : Loaded Global Cache...| $
09-01-2019 06:17:27 |GANAPATHY-PC|0|Information| ASP.global_asax : Global.asax :  : 09-01-2019 11:47:26 : Loaded Global Cache...| $
09-01-2019 06:22:28 |GANAPATHY-PC|0|Information| ASP.global_asax : Global.asax :  : 09-01-2019 11:52:28 : Loaded Global Cache...| $
09-01-2019 08:14:51 |GANAPATHY-PC|0|Information| ASP.global_asax : Global.asax :  : 09-01-2019 13:44:51 : Loaded Global Cache...| $
09-01-2019 08:18:39 |GANAPATHY-PC|0|Information| ASP.global_asax : Global.asax :  : 09-01-2019 13:48:39 : Loaded Global Cache...| $
09-01-2019 08:28:35 |GANAPATHY-PC|0|Information| ASP.global_asax : Global.asax :  : 09-01-2019 13:58:35 : Loaded Global Cache...| $
09-01-2019 08:31:04 |GANAPATHY-PC|0|Information| ASP.global_asax : Global.asax :  : 09-01-2019 14:01:04 : Loaded Global Cache...| $
09-01-2019 08:36:27 |GANAPATHY-PC|0|Information| ASP.global_asax : Global.asax :  : 09-01-2019 14:06:27 : Loaded Global Cache...| $
09-01-2019 08:45:08 |GANAPATHY-PC|0|Information| ASP.global_asax : Global.asax :  : 09-01-2019 14:15:08 : Loaded Global Cache...| $
09-01-2019 08:52:52 |GANAPATHY-PC|0|Information| ASP.global_asax : Global.asax :  : 09-01-2019 14:22:52 : Loaded Global Cache...| $
09-01-2019 09:41:28 |GANAPATHY-PC|0|Information| ASP.global_asax : Global.asax :  : 09-01-2019 15:11:28 : Loaded Global Cache...| $
09-01-2019 11:49:00 |GANAPATHY-PC|0|Information| ASP.global_asax : Global.asax :  : 09-01-2019 17:18:59 : Loaded Global Cache...| $
09-01-2019 12:00:03 |GANAPATHY-PC|4|Information| ASP.uploadbaan_aspx : UploadButton_Click :  : 09-01-2019 17:30:03 : The process cannot access the file 'F:\CodeBase\Engineering\Velan\velanvalves\VV\SO_BackLog_Report.xls' because it is being used by another process.| $
09-01-2019 12:00:28 |GANAPATHY-PC|0|Information| ASP.global_asax : Application_Error()  : 09-01-2019 17:30:28 : 
Error Message:The process cannot access the file 'F:\CodeBase\Engineering\Velan\velanvalves\VV\SO_BackLog_Report.xls' because it is being used by another process.| $
09-01-2019 12:00:43 |GANAPATHY-PC|4|Information| ASP.uploadbaan_aspx : UploadButton_Click :  : 09-01-2019 17:30:43 : The process cannot access the file 'F:\CodeBase\Engineering\Velan\velanvalves\VV\SO_BackLog_Report.xls' because it is being used by another process.| $
09-01-2019 12:00:53 |GANAPATHY-PC|0|Information| ASP.global_asax : Application_Error()  : 09-01-2019 17:30:53 : 
Error Message:The process cannot access the file 'F:\CodeBase\Engineering\Velan\velanvalves\VV\SO_BackLog_Report.xls' because it is being used by another process.| $
09-01-2019 12:05:27 |GANAPATHY-PC|4|Information| ASP.uploadbaan_aspx : UploadButton_Click :  : 09-01-2019 17:35:27 : Object reference not set to an instance of an object.| $
09-01-2019 12:38:31 |GANAPATHY-PC|0|Information| ASP.global_asax : Global.asax :  : 09-01-2019 18:08:31 : Loaded Global Cache...| $
09-01-2019 12:53:11 |GANAPATHY-PC|0|Information| ASP.global_asax : Global.asax :  : 09-01-2019 18:23:11 : Loaded Global Cache...| $
